<?xml version="1.0" encoding="UTF-8"?>
<!-- Generated by org.testng.reporters.JUnitXMLReporter -->
<testsuite ignored="0" hostname="DESKTOP-LA3ESVJ" failures="1" tests="1" name="Test_Chrome(failed)(failed)" time="11.275" errors="0" timestamp="2023-12-03T22:53:03 AST">
  <testcase classname="testcrmproject.ProfileTest" name="profileData" time="4.53">
    <failure type="java.lang.AssertionError" message="expected [true] but found [false]">
      <![CDATA[java.lang.AssertionError: expected [true] but found [false]
at testcrmproject.ProfileTest.profileData(ProfileTest.java:27)
at java.base/java.util.ArrayList.forEach(ArrayList.java:1540)
... Removed 31 stack frames]]>
    </failure>
  </testcase> <!-- profileData -->
</testsuite> <!-- Test_Chrome(failed)(failed) -->
