<?xml version="1.0" encoding="UTF-8"?>
<!-- Generated by org.testng.reporters.JUnitXMLReporter -->
<testsuite ignored="0" hostname="DESKTOP-LA3ESVJ" failures="0" tests="1" name="Test" time="0.907" errors="0" timestamp="2023-12-09T21:55:29 AST">
  <testcase classname="testcrmproject.TestBase" name="@BeforeMethod setUpDriverOpenUrl" time="-1.70214812932E9">
    <failure type="org.testng.TestNGException" message="
Parameter &amp;apos;Browser&amp;apos; is required by BeforeMethod on method setUpDriverOpenUrl but has not been marked @Optional or defined
in C:\Users\user\eclipse-workspace\crmproject\testng.xml">
      <![CDATA[org.testng.TestNGException: 
Parameter 'Browser' is required by BeforeMethod on method setUpDriverOpenUrl but has not been marked @Optional or defined
in C:\Users\user\eclipse-workspace\crmproject\testng.xml
at java.base/java.util.ArrayList.forEach(ArrayList.java:1540)
... Removed 28 stack frames]]>
    </failure>
  </testcase> <!-- @BeforeMethod setUpDriverOpenUrl -->
  <testcase classname="testcrmproject.TestBase" name="@AfterMethod takeScreenShotOnFailure" time="-1.702148129332E9">
    <skipped/>
  </testcase> <!-- @AfterMethod takeScreenShotOnFailure -->
  <testcase classname="testcrmproject.LoginOfCrmTest" name="loginsuccess" time="0.001">
    <skipped/>
  </testcase> <!-- loginsuccess -->
</testsuite> <!-- Test -->
