<?xml version="1.0" encoding="UTF-8"?>
<!-- Generated by org.testng.reporters.JUnitXMLReporter -->
<testsuite ignored="0" hostname="DESKTOP-LA3ESVJ" failures="1" tests="10" name="Test_Chrome" time="102.207" errors="0" timestamp="2023-12-10T02:57:02 AST">
  <testcase classname="testcrmproject.LoginOfCrmTest" name="loginsuccess" time="1.211"/>
  <testcase classname="testcrmproject.TestNotes" name="notesData" time="5.309"/>
  <testcase classname="testcrmproject.ProfileTest" name="profileData" time="4.056"/>
  <testcase classname="testcrmproject.TestMessage" name="messageData" time="4.191"/>
  <testcase classname="testcrmproject.TestClient" name="clientData" time="4.392"/>
  <testcase classname="testcrmproject.TestDashboard" name="clockoutData" time="3.875">
    <failure type="org.openqa.selenium.StaleElementReferenceException" message="stale element reference: stale element not found
  (Session info: chrome=119.0.6045.200)
For documentation on this error, please visit: https://www.selenium.dev/documentation/webdriver/troubleshooting/errors#stale-element-reference-exception
Build info: version: &amp;apos;4.15.0&amp;apos;, revision: &amp;apos;1d14b5521b&amp;apos;
System info: os.name: &amp;apos;Windows 10&amp;apos;, os.arch: &amp;apos;amd64&amp;apos;, os.version: &amp;apos;10.0&amp;apos;, java.version: &amp;apos;11.0.7&amp;apos;
Driver info: org.openqa.selenium.chrome.ChromeDriver
Command: [5bd5918deebe713cbf430ebb079a8e60, isElementDisplayed {id=4C0637DF790A3C94E1C1D03F85B38591_element_70}]
Capabilities {acceptInsecureCerts: false, browserName: chrome, browserVersion: 119.0.6045.200, chrome: {chromedriverVersion: 119.0.6045.105 (38c72552c5e..., userDataDir: C:\Users\user\AppData\Local...}, fedcm:accounts: true, goog:chromeOptions: {debuggerAddress: localhost:57145}, networkConnectionEnabled: false, pageLoadStrategy: normal, platformName: windows, proxy: Proxy(), se:cdp: ws://localhost:57145/devtoo..., se:cdpVersion: 119.0.6045.200, setWindowRect: true, strictFileInteractability: false, timeouts: {implicit: 0, pageLoad: 300000, script: 30000}, unhandledPromptBehavior: dismiss and notify, webauthn:extension:credBlob: true, webauthn:extension:largeBlob: true, webauthn:extension:minPinLength: true, webauthn:extension:prf: true, webauthn:virtualAuthenticators: true}
Element: [[ChromeDriver: chrome on windows (5bd5918deebe713cbf430ebb079a8e60)] -&amp;gt; xpath: //a[@title=&amp;apos;Clock In&amp;apos;]]
Session ID: 5bd5918deebe713cbf430ebb079a8e60">
      <![CDATA[org.openqa.selenium.StaleElementReferenceException: stale element reference: stale element not found
  (Session info: chrome=119.0.6045.200)
For documentation on this error, please visit: https://www.selenium.dev/documentation/webdriver/troubleshooting/errors#stale-element-reference-exception
Build info: version: '4.15.0', revision: '1d14b5521b'
System info: os.name: 'Windows 10', os.arch: 'amd64', os.version: '10.0', java.version: '11.0.7'
Driver info: org.openqa.selenium.chrome.ChromeDriver
Command: [5bd5918deebe713cbf430ebb079a8e60, isElementDisplayed {id=4C0637DF790A3C94E1C1D03F85B38591_element_70}]
Capabilities {acceptInsecureCerts: false, browserName: chrome, browserVersion: 119.0.6045.200, chrome: {chromedriverVersion: 119.0.6045.105 (38c72552c5e..., userDataDir: C:\Users\user\AppData\Local...}, fedcm:accounts: true, goog:chromeOptions: {debuggerAddress: localhost:57145}, networkConnectionEnabled: false, pageLoadStrategy: normal, platformName: windows, proxy: Proxy(), se:cdp: ws://localhost:57145/devtoo..., se:cdpVersion: 119.0.6045.200, setWindowRect: true, strictFileInteractability: false, timeouts: {implicit: 0, pageLoad: 300000, script: 30000}, unhandledPromptBehavior: dismiss and notify, webauthn:extension:credBlob: true, webauthn:extension:largeBlob: true, webauthn:extension:minPinLength: true, webauthn:extension:prf: true, webauthn:virtualAuthenticators: true}
Element: [[ChromeDriver: chrome on windows (5bd5918deebe713cbf430ebb079a8e60)] -> xpath: //a[@title='Clock In']]
Session ID: 5bd5918deebe713cbf430ebb079a8e60
at org.openqa.selenium.remote.codec.w3c.W3CHttpResponseCodec.createException(W3CHttpResponseCodec.java:200)
at org.openqa.selenium.remote.codec.w3c.W3CHttpResponseCodec.decode(W3CHttpResponseCodec.java:133)
at org.openqa.selenium.remote.codec.w3c.W3CHttpResponseCodec.decode(W3CHttpResponseCodec.java:52)
at org.openqa.selenium.remote.HttpCommandExecutor.execute(HttpCommandExecutor.java:191)
at org.openqa.selenium.remote.service.DriverCommandExecutor.invokeExecute(DriverCommandExecutor.java:200)
at org.openqa.selenium.remote.service.DriverCommandExecutor.execute(DriverCommandExecutor.java:175)
at org.openqa.selenium.remote.RemoteWebDriver.execute(RemoteWebDriver.java:607)
at org.openqa.selenium.remote.RemoteWebElement.execute(RemoteWebElement.java:224)
at org.openqa.selenium.remote.RemoteWebElement.isDisplayed(RemoteWebElement.java:283)
at org.openqa.selenium.support.pagefactory.internal.LocatingElementHandler.invoke(LocatingElementHandler.java:51)
at com.sun.proxy.$Proxy15.isDisplayed(Unknown Source)
at Utilities.ElementUtilities.isElementDisplayed(ElementUtilities.java:57)
at pages.DashBoardOfCrm.checkIfAfterClockoutNoteGivenButtonChangedToClockin(DashBoardOfCrm.java:84)
at testcrmproject.TestDashboard.clockoutData(TestDashboard.java:28)
at java.base/java.util.ArrayList.forEach(ArrayList.java:1540)
... Removed 34 stack frames]]>
    </failure>
  </testcase> <!-- clockoutData -->
  <testcase classname="testcrmproject.TestAnnouncements" name="announcementData" time="6.009"/>
  <testcase classname="testcrmproject.TestEvents" name="eventData" time="4.468"/>
  <testcase classname="testcrmproject.TestEvents" name="eventData" time="4.327"/>
  <testcase classname="testcrmproject.TestTickets" name="ticketData" time="23.723"/>
</testsuite> <!-- Test_Chrome -->
