<?xml version="1.0" encoding="UTF-8"?>
<!-- Generated by org.testng.reporters.JUnitXMLReporter -->
<testsuite ignored="0" hostname="DESKTOP-LA3ESVJ" failures="4" tests="5" name="Test_Edge" time="32.557" errors="0" timestamp="2023-11-24T18:48:41 AST">
  <testcase classname="testcrmproject.LoginOfCrmTest" name="setupDriver" time="0.002"/>
  <testcase classname="testcrmproject.LoginOfCrmTest" name="loginsuccess" time="0.005">
    <failure type="java.lang.NullPointerException">
      <![CDATA[java.lang.NullPointerException
at org.openqa.selenium.support.pagefactory.DefaultElementLocator.findElement(DefaultElementLocator.java:68)
at org.openqa.selenium.support.pagefactory.internal.LocatingElementHandler.invoke(LocatingElementHandler.java:38)
at com.sun.proxy.$Proxy17.sendKeys(Unknown Source)
at pages.LoginOfCrm.setUsername(LoginOfCrm.java:38)
at pages.LoginOfCrm.validLoginToCrmSite(LoginOfCrm.java:52)
at testcrmproject.LoginOfCrmTest.loginsuccess(LoginOfCrmTest.java:41)
at java.base/java.util.ArrayList.forEach(ArrayList.java:1540)
... Removed 27 stack frames]]>
    </failure>
  </testcase> <!-- loginsuccess -->
  <testcase classname="testcrmproject.LoginOfCrmTest" name="invalidUserNameTest" time="0.023">
    <failure type="java.lang.NullPointerException">
      <![CDATA[java.lang.NullPointerException
at org.openqa.selenium.support.pagefactory.DefaultElementLocator.findElement(DefaultElementLocator.java:68)
at org.openqa.selenium.support.pagefactory.internal.LocatingElementHandler.invoke(LocatingElementHandler.java:38)
at com.sun.proxy.$Proxy17.sendKeys(Unknown Source)
at pages.LoginOfCrm.setUsername(LoginOfCrm.java:38)
at pages.LoginOfCrm.validLoginToCrmSite(LoginOfCrm.java:52)
at testcrmproject.LoginOfCrmTest.invalidUserNameTest(LoginOfCrmTest.java:48)
at java.base/java.util.ArrayList.forEach(ArrayList.java:1540)
... Removed 27 stack frames]]>
    </failure>
  </testcase> <!-- invalidUserNameTest -->
  <testcase classname="testcrmproject.LoginOfCrmTest" name="requiredUsenamePasswordTest" time="0.008">
    <failure type="java.lang.NullPointerException">
      <![CDATA[java.lang.NullPointerException
at org.openqa.selenium.support.pagefactory.DefaultElementLocator.findElement(DefaultElementLocator.java:68)
at org.openqa.selenium.support.pagefactory.internal.LocatingElementHandler.invoke(LocatingElementHandler.java:38)
at com.sun.proxy.$Proxy17.sendKeys(Unknown Source)
at pages.LoginOfCrm.setUsername(LoginOfCrm.java:38)
at pages.LoginOfCrm.validLoginToCrmSite(LoginOfCrm.java:52)
at testcrmproject.LoginOfCrmTest.requiredUsenamePasswordTest(LoginOfCrmTest.java:62)
at java.base/java.util.ArrayList.forEach(ArrayList.java:1540)
... Removed 27 stack frames]]>
    </failure>
  </testcase> <!-- requiredUsenamePasswordTest -->
  <testcase classname="testcrmproject.LoginOfCrmTest" name="passwordBlankTest" time="0.003">
    <failure type="java.lang.NullPointerException">
      <![CDATA[java.lang.NullPointerException
at org.openqa.selenium.support.pagefactory.DefaultElementLocator.findElement(DefaultElementLocator.java:68)
at org.openqa.selenium.support.pagefactory.internal.LocatingElementHandler.invoke(LocatingElementHandler.java:38)
at com.sun.proxy.$Proxy17.sendKeys(Unknown Source)
at pages.LoginOfCrm.setUsername(LoginOfCrm.java:38)
at pages.LoginOfCrm.validLoginToCrmSite(LoginOfCrm.java:52)
at testcrmproject.LoginOfCrmTest.passwordBlankTest(LoginOfCrmTest.java:55)
at java.base/java.util.ArrayList.forEach(ArrayList.java:1540)
... Removed 27 stack frames]]>
    </failure>
  </testcase> <!-- passwordBlankTest -->
</testsuite> <!-- Test_Edge -->
