<?xml version="1.0" encoding="UTF-8"?>
<!-- Generated by org.testng.reporters.JUnitXMLReporter -->
<testsuite ignored="0" hostname="DESKTOP-LA3ESVJ" failures="1" tests="5" name="Test_Firefox" time="34.592" errors="0" timestamp="2023-11-24T18:48:09 AST">
  <testcase classname="testcrmproject.TestBase" name="@BeforeMethod setUpDriverOpenUrl" time="8.005">
    <failure type="org.openqa.selenium.SessionNotCreatedException" message="Could not start a new session. Response code 500. Message: Failed to decode response from marionette 
Host info: host: &amp;apos;DESKTOP-LA3ESVJ&amp;apos;, ip: &amp;apos;192.168.1.8&amp;apos;
Build info: version: &amp;apos;4.11.0&amp;apos;, revision: &amp;apos;040bc5406b&amp;apos;
System info: os.name: &amp;apos;Windows 10&amp;apos;, os.arch: &amp;apos;amd64&amp;apos;, os.version: &amp;apos;10.0&amp;apos;, java.version: &amp;apos;11.0.7&amp;apos;
Driver info: org.openqa.selenium.firefox.FirefoxDriver
Command: [null, newSession {capabilities=[Capabilities {acceptInsecureCerts: true, browserName: firefox, moz:debuggerAddress: true, moz:firefoxOptions: {binary: C:\Program Files\Mozilla Fi...}}]}]">
      <![CDATA[org.openqa.selenium.SessionNotCreatedException: Could not start a new session. Response code 500. Message: Failed to decode response from marionette 
Host info: host: 'DESKTOP-LA3ESVJ', ip: '192.168.1.8'
Build info: version: '4.11.0', revision: '040bc5406b'
System info: os.name: 'Windows 10', os.arch: 'amd64', os.version: '10.0', java.version: '11.0.7'
Driver info: org.openqa.selenium.firefox.FirefoxDriver
Command: [null, newSession {capabilities=[Capabilities {acceptInsecureCerts: true, browserName: firefox, moz:debuggerAddress: true, moz:firefoxOptions: {binary: C:\Program Files\Mozilla Fi...}}]}]
at org.openqa.selenium.remote.ProtocolHandshake.createSession(ProtocolHandshake.java:140)
at org.openqa.selenium.remote.ProtocolHandshake.createSession(ProtocolHandshake.java:96)
at org.openqa.selenium.remote.ProtocolHandshake.createSession(ProtocolHandshake.java:68)
at org.openqa.selenium.remote.HttpCommandExecutor.execute(HttpCommandExecutor.java:163)
at org.openqa.selenium.remote.service.DriverCommandExecutor.invokeExecute(DriverCommandExecutor.java:196)
at org.openqa.selenium.remote.service.DriverCommandExecutor.execute(DriverCommandExecutor.java:171)
at org.openqa.selenium.remote.RemoteWebDriver.execute(RemoteWebDriver.java:518)
at org.openqa.selenium.remote.RemoteWebDriver.startSession(RemoteWebDriver.java:232)
at org.openqa.selenium.remote.RemoteWebDriver.<init>(RemoteWebDriver.java:159)
at org.openqa.selenium.firefox.FirefoxDriver.<init>(FirefoxDriver.java:156)
at org.openqa.selenium.firefox.FirefoxDriver.<init>(FirefoxDriver.java:151)
at org.openqa.selenium.firefox.FirefoxDriver.<init>(FirefoxDriver.java:132)
at org.openqa.selenium.firefox.FirefoxDriver.<init>(FirefoxDriver.java:127)
at org.openqa.selenium.firefox.FirefoxDriver.<init>(FirefoxDriver.java:112)
at org.openqa.selenium.firefox.FirefoxDriver.<init>(FirefoxDriver.java:102)
at testcrmproject.TestBase.setUpDriverOpenUrl(TestBase.java:31)
at java.base/java.util.ArrayList.forEach(ArrayList.java:1540)
... Removed 31 stack frames]]>
    </failure>
  </testcase> <!-- @BeforeMethod setUpDriverOpenUrl -->
  <testcase classname="testcrmproject.LoginOfCrmTest" name="@AfterMethod tearDown" time="-1.700840889109E9">
    <skipped/>
  </testcase> <!-- @AfterMethod tearDown -->
  <testcase classname="testcrmproject.TestBase" name="@BeforeMethod setUpDriverOpenUrl" time="-1.700840889115E9">
    <skipped/>
  </testcase> <!-- @BeforeMethod setUpDriverOpenUrl -->
  <testcase classname="testcrmproject.LoginOfCrmTest" name="@AfterMethod tearDown" time="-1.700840889131E9">
    <skipped/>
  </testcase> <!-- @AfterMethod tearDown -->
  <testcase classname="testcrmproject.TestBase" name="@BeforeMethod setUpDriverOpenUrl" time="-1.700840889149E9">
    <skipped/>
  </testcase> <!-- @BeforeMethod setUpDriverOpenUrl -->
  <testcase classname="testcrmproject.LoginOfCrmTest" name="@AfterMethod tearDown" time="-1.700840889161E9">
    <skipped/>
  </testcase> <!-- @AfterMethod tearDown -->
  <testcase classname="testcrmproject.LoginOfCrmTest" name="setupDriver" time="0.002"/>
  <testcase classname="testcrmproject.LoginOfCrmTest" name="loginsuccess" time="0.003">
    <failure type="java.lang.NullPointerException">
      <![CDATA[java.lang.NullPointerException
at org.openqa.selenium.support.pagefactory.DefaultElementLocator.findElement(DefaultElementLocator.java:68)
at org.openqa.selenium.support.pagefactory.internal.LocatingElementHandler.invoke(LocatingElementHandler.java:38)
at com.sun.proxy.$Proxy17.sendKeys(Unknown Source)
at pages.LoginOfCrm.setUsername(LoginOfCrm.java:38)
at pages.LoginOfCrm.validLoginToCrmSite(LoginOfCrm.java:52)
at testcrmproject.LoginOfCrmTest.loginsuccess(LoginOfCrmTest.java:41)
at java.base/java.util.ArrayList.forEach(ArrayList.java:1540)
... Removed 27 stack frames]]>
    </failure>
  </testcase> <!-- loginsuccess -->
  <testcase classname="testcrmproject.LoginOfCrmTest" name="invalidUserNameTest" time="0.0">
    <skipped/>
  </testcase> <!-- invalidUserNameTest -->
  <testcase classname="testcrmproject.LoginOfCrmTest" name="requiredUsenamePasswordTest" time="0.0">
    <skipped/>
  </testcase> <!-- requiredUsenamePasswordTest -->
  <testcase classname="testcrmproject.LoginOfCrmTest" name="passwordBlankTest" time="0.0">
    <skipped/>
  </testcase> <!-- passwordBlankTest -->
</testsuite> <!-- Test_Firefox -->
