<html>
<head>
<title>TestNG:  Test_Chrome</title>
<link href="../testng.css" rel="stylesheet" type="text/css" />
<link href="../my-testng.css" rel="stylesheet" type="text/css" />

<style type="text/css">
.log { display: none;} 
.stack-trace { display: none;} 
</style>
<script type="text/javascript">
<!--
function flip(e) {
  current = e.style.display;
  if (current == 'block') {
    e.style.display = 'none';
    return 0;
  }
  else {
    e.style.display = 'block';
    return 1;
  }
}

function toggleBox(szDivId, elem, msg1, msg2)
{
  var res = -1;  if (document.getElementById) {
    res = flip(document.getElementById(szDivId));
  }
  else if (document.all) {
    // this is the way old msie versions work
    res = flip(document.all[szDivId]);
  }
  if(elem) {
    if(res == 0) elem.innerHTML = msg1; else elem.innerHTML = msg2;
  }

}

function toggleAllBoxes() {
  if (document.getElementsByTagName) {
    d = document.getElementsByTagName('div');
    for (i = 0; i < d.length; i++) {
      if (d[i].className == 'log') {
        flip(d[i]);
      }
    }
  }
}

// -->
</script>

</head>
<body>
<h2 align='center'>Test_Chrome</h2><table border='1' align="center">
<tr>
<td>Tests passed/Failed/Skipped:</td><td>9/1/0</td>
</tr><tr>
<td>Started on:</td><td>Sun Dec 10 02:55:20 AST 2023</td>
</tr>
<tr><td>Total time:</td><td>102 seconds (102207 ms)</td>
</tr><tr>
<td>Included groups:</td><td></td>
</tr><tr>
<td>Excluded groups:</td><td></td>
</tr>
</table><p/>
<small><i>(Hover the method name to see the test class name)</i></small><p/>
<table width='100%' border='1' class='invocation-failed'>
<tr><td colspan='4' align='center'><b>FAILED TESTS</b></td></tr>
<tr><td><b>Test method</b></td>
<td width="30%"><b>Exception</b></td>
<td width="10%"><b>Time (seconds)</b></td>
<td><b>Instance</b></td>
</tr>
<tr>
<td title='testcrmproject.TestDashboard.clockoutData()'><b>clockoutData</b><br>Test class: testcrmproject.TestDashboard<br>Parameters: admin@admin.com, 12345678, remind me </td>
<td><div><pre>org.openqa.selenium.StaleElementReferenceException: stale element reference: stale element not found
  (Session info: chrome=119.0.6045.200)
For documentation on this error, please visit: https://www.selenium.dev/documentation/webdriver/troubleshooting/errors#stale-element-reference-exception
Build info: version: &apos;4.15.0&apos;, revision: &apos;1d14b5521b&apos;
System info: os.name: &apos;Windows 10&apos;, os.arch: &apos;amd64&apos;, os.version: &apos;10.0&apos;, java.version: &apos;11.0.7&apos;
Driver info: org.openqa.selenium.chrome.ChromeDriver
Command: [5bd5918deebe713cbf430ebb079a8e60, isElementDisplayed {id=4C0637DF790A3C94E1C1D03F85B38591_element_70}]
Capabilities {acceptInsecureCerts: false, browserName: chrome, browserVersion: 119.0.6045.200, chrome: {chromedriverVersion: 119.0.6045.105 (38c72552c5e..., userDataDir: C:\Users\user\AppData\Local...}, fedcm:accounts: true, goog:chromeOptions: {debuggerAddress: localhost:57145}, networkConnectionEnabled: false, pageLoadStrategy: normal, platformName: windows, proxy: Proxy(), se:cdp: ws://localhost:57145/devtoo..., se:cdpVersion: 119.0.6045.200, setWindowRect: true, strictFileInteractability: false, timeouts: {implicit: 0, pageLoad: 300000, script: 30000}, unhandledPromptBehavior: dismiss and notify, webauthn:extension:credBlob: true, webauthn:extension:largeBlob: true, webauthn:extension:minPinLength: true, webauthn:extension:prf: true, webauthn:virtualAuthenticators: true}
Element: [[ChromeDriver: chrome on windows (5bd5918deebe713cbf430ebb079a8e60)] -&gt; xpath: //a[@title=&apos;Clock In&apos;]]
Session ID: 5bd5918deebe713cbf430ebb079a8e60
	at org.openqa.selenium.remote.codec.w3c.W3CHttpResponseCodec.createException(W3CHttpResponseCodec.java:200)
	at org.openqa.selenium.remote.codec.w3c.W3CHttpResponseCodec.decode(W3CHttpResponseCodec.java:133)
	at org.openqa.selenium.remote.codec.w3c.W3CHttpResponseCodec.decode(W3CHttpResponseCodec.java:52)
	at org.openqa.selenium.remote.HttpCommandExecutor.execute(HttpCommandExecutor.java:191)
	at org.openqa.selenium.remote.service.DriverCommandExecutor.invokeExecute(DriverCommandExecutor.java:200)
	at org.openqa.selenium.remote.service.DriverCommandExecutor.execute(DriverCommandExecutor.java:175)
	at org.openqa.selenium.remote.RemoteWebDriver.execute(RemoteWebDriver.java:607)
	at org.openqa.selenium.remote.RemoteWebElement.execute(RemoteWebElement.java:224)
	at org.openqa.selenium.remote.RemoteWebElement.isDisplayed(RemoteWebElement.java:283)
	at org.openqa.selenium.support.pagefactory.internal.LocatingElementHandler.invoke(LocatingElementHandler.java:51)
	at com.sun.proxy.$Proxy15.isDisplayed(Unknown Source)
	at Utilities.ElementUtilities.isElementDisplayed(ElementUtilities.java:57)
	at pages.DashBoardOfCrm.checkIfAfterClockoutNoteGivenButtonChangedToClockin(DashBoardOfCrm.java:84)
	at testcrmproject.TestDashboard.clockoutData(TestDashboard.java:28)
	at java.base/java.util.ArrayList.forEach(ArrayList.java:1540)
... Removed 34 stack frames</pre></div><a href='#' onClick='toggleBox("stack-trace246383655", this, "Click to show all stack frames", "Click to hide stack frames")'>Click to show all stack frames</a>
<div class='stack-trace' id='stack-trace246383655'><pre>org.openqa.selenium.StaleElementReferenceException: stale element reference: stale element not found
  (Session info: chrome=119.0.6045.200)
For documentation on this error, please visit: https://www.selenium.dev/documentation/webdriver/troubleshooting/errors#stale-element-reference-exception
Build info: version: &apos;4.15.0&apos;, revision: &apos;1d14b5521b&apos;
System info: os.name: &apos;Windows 10&apos;, os.arch: &apos;amd64&apos;, os.version: &apos;10.0&apos;, java.version: &apos;11.0.7&apos;
Driver info: org.openqa.selenium.chrome.ChromeDriver
Command: [5bd5918deebe713cbf430ebb079a8e60, isElementDisplayed {id=4C0637DF790A3C94E1C1D03F85B38591_element_70}]
Capabilities {acceptInsecureCerts: false, browserName: chrome, browserVersion: 119.0.6045.200, chrome: {chromedriverVersion: 119.0.6045.105 (38c72552c5e..., userDataDir: C:\Users\user\AppData\Local...}, fedcm:accounts: true, goog:chromeOptions: {debuggerAddress: localhost:57145}, networkConnectionEnabled: false, pageLoadStrategy: normal, platformName: windows, proxy: Proxy(), se:cdp: ws://localhost:57145/devtoo..., se:cdpVersion: 119.0.6045.200, setWindowRect: true, strictFileInteractability: false, timeouts: {implicit: 0, pageLoad: 300000, script: 30000}, unhandledPromptBehavior: dismiss and notify, webauthn:extension:credBlob: true, webauthn:extension:largeBlob: true, webauthn:extension:minPinLength: true, webauthn:extension:prf: true, webauthn:virtualAuthenticators: true}
Element: [[ChromeDriver: chrome on windows (5bd5918deebe713cbf430ebb079a8e60)] -&gt; xpath: //a[@title=&apos;Clock In&apos;]]
Session ID: 5bd5918deebe713cbf430ebb079a8e60
	at java.base/jdk.internal.reflect.NativeConstructorAccessorImpl.newInstance0(Native Method)
	at java.base/jdk.internal.reflect.NativeConstructorAccessorImpl.newInstance(NativeConstructorAccessorImpl.java:62)
	at java.base/jdk.internal.reflect.DelegatingConstructorAccessorImpl.newInstance(DelegatingConstructorAccessorImpl.java:45)
	at java.base/java.lang.reflect.Constructor.newInstance(Constructor.java:490)
	at org.openqa.selenium.remote.codec.w3c.W3CHttpResponseCodec.createException(W3CHttpResponseCodec.java:200)
	at org.openqa.selenium.remote.codec.w3c.W3CHttpResponseCodec.decode(W3CHttpResponseCodec.java:133)
	at org.openqa.selenium.remote.codec.w3c.W3CHttpResponseCodec.decode(W3CHttpResponseCodec.java:52)
	at org.openqa.selenium.remote.HttpCommandExecutor.execute(HttpCommandExecutor.java:191)
	at org.openqa.selenium.remote.service.DriverCommandExecutor.invokeExecute(DriverCommandExecutor.java:200)
	at org.openqa.selenium.remote.service.DriverCommandExecutor.execute(DriverCommandExecutor.java:175)
	at org.openqa.selenium.remote.RemoteWebDriver.execute(RemoteWebDriver.java:607)
	at org.openqa.selenium.remote.RemoteWebElement.execute(RemoteWebElement.java:224)
	at org.openqa.selenium.remote.RemoteWebElement.isDisplayed(RemoteWebElement.java:283)
	at jdk.internal.reflect.GeneratedMethodAccessor1.invoke(Unknown Source)
	at java.base/jdk.internal.reflect.DelegatingMethodAccessorImpl.invoke(DelegatingMethodAccessorImpl.java:43)
	at java.base/java.lang.reflect.Method.invoke(Method.java:566)
	at org.openqa.selenium.support.pagefactory.internal.LocatingElementHandler.invoke(LocatingElementHandler.java:51)
	at com.sun.proxy.$Proxy15.isDisplayed(Unknown Source)
	at Utilities.ElementUtilities.isElementDisplayed(ElementUtilities.java:57)
	at pages.DashBoardOfCrm.checkIfAfterClockoutNoteGivenButtonChangedToClockin(DashBoardOfCrm.java:84)
	at testcrmproject.TestDashboard.clockoutData(TestDashboard.java:28)
	at java.base/jdk.internal.reflect.NativeMethodAccessorImpl.invoke0(Native Method)
	at java.base/jdk.internal.reflect.NativeMethodAccessorImpl.invoke(NativeMethodAccessorImpl.java:62)
	at java.base/jdk.internal.reflect.DelegatingMethodAccessorImpl.invoke(DelegatingMethodAccessorImpl.java:43)
	at java.base/java.lang.reflect.Method.invoke(Method.java:566)
	at org.testng.internal.MethodInvocationHelper.invokeMethod(MethodInvocationHelper.java:133)
	at org.testng.internal.TestInvoker.invokeMethod(TestInvoker.java:598)
	at org.testng.internal.TestInvoker.invokeTestMethod(TestInvoker.java:173)
	at org.testng.internal.MethodRunner.runInSequence(MethodRunner.java:46)
	at org.testng.internal.TestInvoker$MethodInvocationAgent.invoke(TestInvoker.java:824)
	at org.testng.internal.TestInvoker.invokeTestMethods(TestInvoker.java:146)
	at org.testng.internal.TestMethodWorker.invokeTestMethods(TestMethodWorker.java:146)
	at org.testng.internal.TestMethodWorker.run(TestMethodWorker.java:128)
	at java.base/java.util.ArrayList.forEach(ArrayList.java:1540)
	at org.testng.TestRunner.privateRun(TestRunner.java:794)
	at org.testng.TestRunner.run(TestRunner.java:596)
	at org.testng.SuiteRunner.runTest(SuiteRunner.java:377)
	at org.testng.SuiteRunner.runSequentially(SuiteRunner.java:371)
	at org.testng.SuiteRunner.privateRun(SuiteRunner.java:332)
	at org.testng.SuiteRunner.run(SuiteRunner.java:276)
	at org.testng.SuiteRunnerWorker.runSuite(SuiteRunnerWorker.java:53)
	at org.testng.SuiteRunnerWorker.run(SuiteRunnerWorker.java:96)
	at org.testng.TestNG.runSuitesSequentially(TestNG.java:1212)
	at org.testng.TestNG.runSuitesLocally(TestNG.java:1134)
	at org.testng.TestNG.runSuites(TestNG.java:1063)
	at org.testng.TestNG.run(TestNG.java:1031)
	at org.testng.remote.AbstractRemoteTestNG.run(AbstractRemoteTestNG.java:115)
	at org.testng.remote.RemoteTestNG.initAndRun(RemoteTestNG.java:251)
	at org.testng.remote.RemoteTestNG.main(RemoteTestNG.java:77)
</pre></div></td>
<td>3</td>
<td>testcrmproject.TestDashboard@201a4587</td></tr>
</table><p>
<table width='100%' border='1' class='invocation-passed'>
<tr><td colspan='4' align='center'><b>PASSED TESTS</b></td></tr>
<tr><td><b>Test method</b></td>
<td width="30%"><b>Exception</b></td>
<td width="10%"><b>Time (seconds)</b></td>
<td><b>Instance</b></td>
</tr>
<tr>
<td title='testcrmproject.TestAnnouncements.announcementData()'><b>announcementData</b><br>Test class: testcrmproject.TestAnnouncements<br>Parameters: admin@admin.com, 12345678, Lekshmi Announcement tittle, 2023/12/05, 2023/12/20, All team members</td>
<td></td>
<td>6</td>
<td>testcrmproject.TestAnnouncements@61001b64</td></tr>
<tr>
<td title='testcrmproject.TestEvents.eventData()'><b>eventData</b><br>Test class: testcrmproject.TestEvents<br>Parameters: admin@admin.com, 12345678, Lekshmi event, description for event, 2023/12/05, 2023/12/20, All team members</td>
<td></td>
<td>4</td>
<td>testcrmproject.TestEvents@4310d43</td></tr>
<tr>
<td title='testcrmproject.TestEvents.eventData()'><b>eventData</b><br>Test class: testcrmproject.TestEvents<br>Parameters: admin@admin.com, 12345678, , , , , All team members</td>
<td></td>
<td>4</td>
<td>testcrmproject.TestEvents@4310d43</td></tr>
<tr>
<td title='testcrmproject.LoginOfCrmTest.loginsuccess()'><b>loginsuccess</b><br>Test class: testcrmproject.LoginOfCrmTest<br>Parameters: admin@admin.com, 12345678</td>
<td></td>
<td>1</td>
<td>testcrmproject.LoginOfCrmTest@7e7be63f</td></tr>
<tr>
<td title='testcrmproject.ProfileTest.profileData()'><b>profileData</b><br>Test class: testcrmproject.ProfileTest<br>Parameters: admin@admin.com, 12345678, Lekshmi, Nair, lekshmitest@gmail.com, female</td>
<td></td>
<td>4</td>
<td>testcrmproject.ProfileTest@659499f1</td></tr>
<tr>
<td title='testcrmproject.TestMessage.messageData()'><b>messageData</b><br>Test class: testcrmproject.TestMessage<br>Parameters: admin@admin.com, 12345678, keerthana sasi, sending message, Hello world</td>
<td></td>
<td>4</td>
<td>testcrmproject.TestMessage@51e69659</td></tr>
<tr>
<td title='testcrmproject.TestNotes.notesData()'><b>notesData</b><br>Test class: testcrmproject.TestNotes<br>Parameters: admin@admin.com, 12345678, Lekshmi, note1</td>
<td></td>
<td>5</td>
<td>testcrmproject.TestNotes@82de64a</td></tr>
<tr>
<td title='testcrmproject.TestTickets.ticketData()'><b>ticketData</b><br>Test class: testcrmproject.TestTickets<br>Parameters: admin@admin.com, 12345678, Lekshmi ticket, ABC, Lekshmi ticket added client abc</td>
<td></td>
<td>23</td>
<td>testcrmproject.TestTickets@54a7079e</td></tr>
<tr>
<td title='testcrmproject.TestClient.clientData()'><b>clientData</b><br>Test class: testcrmproject.TestClient<br>Parameters: admin@admin.com, 12345678, orion, kochi1234kochi, </td>
<td></td>
<td>4</td>
<td>testcrmproject.TestClient@47e2e487</td></tr>
</table><p>
</body>
</html>